2025-11-30 21:28:10,260 - INFO - Making the vectorstore....
2025-11-30 21:28:19,688 - INFO - Splitting documents
2025-11-30 21:28:19,775 - INFO - Creating vectorstore instance
2025-11-30 21:28:19,775 - INFO - Creating HuggingFace embeddings instance
2025-11-30 21:28:19,776 - ERROR - Failed to get HuggingFace embeddings | Error: 1 validation error for HuggingFaceEmbeddings
token
  Extra inputs are not permitted [type=extra_forbidden, input_value=None, input_type=NoneType]
    For further information visit https://errors.pydantic.dev/2.12/v/extra_forbidden | File: /Users/taiwosokunbi/PersonalWork/AI_ML/GenAI/rag-medical-bot/app/rag_system/embeddings.py | Line: 11
2025-11-30 21:28:19,776 - INFO - Creating new vectorstore
2025-11-30 21:28:19,777 - ERROR - Failed to load vectorstore | Error: 'NoneType' object has no attribute 'embed_documents' | File: /Users/taiwosokunbi/PersonalWork/AI_ML/GenAI/rag-medical-bot/app/rag_system/vector_store.py | Line: 20
2025-11-30 21:28:19,777 - INFO - Vectorstore created sucesfully....
2025-11-30 21:31:38,932 - INFO - Making the vectorstore....
2025-11-30 21:31:45,301 - INFO - Splitting documents
2025-11-30 21:31:45,380 - INFO - Creating vectorstore instance
2025-11-30 21:31:45,380 - INFO - Creating HuggingFace embeddings instance
2025-11-30 21:31:45,382 - ERROR - Failed to get HuggingFace embeddings | Error: 1 validation error for HuggingFaceEmbeddings
token
  Extra inputs are not permitted [type=extra_forbidden, input_value=None, input_type=NoneType]
    For further information visit https://errors.pydantic.dev/2.12/v/extra_forbidden | File: /Users/taiwosokunbi/PersonalWork/AI_ML/GenAI/rag-medical-bot/app/rag_system/embeddings.py | Line: 12
2025-11-30 21:31:45,382 - INFO - Creating new vectorstore
2025-11-30 21:31:45,382 - ERROR - Failed to load vectorstore | Error: 'NoneType' object has no attribute 'embed_documents' | File: /Users/taiwosokunbi/PersonalWork/AI_ML/GenAI/rag-medical-bot/app/rag_system/vector_store.py | Line: 20
2025-11-30 21:31:45,382 - INFO - Vectorstore created sucesfully....
2025-11-30 21:35:58,935 - INFO - [31m[1mWARNING: This is a development server. Do not use it in a production deployment. Use a production WSGI server instead.[0m
 * Running on all addresses (0.0.0.0)
 * Running on http://127.0.0.1:8000
 * Running on http://192.168.1.60:8000
2025-11-30 21:35:58,935 - INFO - [33mPress CTRL+C to quit[0m
2025-11-30 21:36:46,343 - INFO - [31m[1mWARNING: This is a development server. Do not use it in a production deployment. Use a production WSGI server instead.[0m
 * Running on http://127.0.0.1:8000
2025-11-30 21:36:46,343 - INFO - [33mPress CTRL+C to quit[0m
